Determining if the pthread_create exist failed with the following output:
Change Dir: /home/leon/emg_project/build/CMakeFiles/CMakeTmp

Run Build Command:/usr/bin/make "cmTryCompileExec560817973/fast"
/usr/bin/make -f CMakeFiles/cmTryCompileExec560817973.dir/build.make CMakeFiles/cmTryCompileExec560817973.dir/build
make[1]: Entering directory `/home/leon/emg_project/build/CMakeFiles/CMakeTmp'
/usr/bin/cmake -E cmake_progress_report /home/leon/emg_project/build/CMakeFiles/CMakeTmp/CMakeFiles 1
Building C object CMakeFiles/cmTryCompileExec560817973.dir/CheckSymbolExists.c.o
/usr/bin/cc    -o CMakeFiles/cmTryCompileExec560817973.dir/CheckSymbolExists.c.o   -c /home/leon/emg_project/build/CMakeFiles/CMakeTmp/CheckSymbolExists.c
Linking C executable cmTryCompileExec560817973
/usr/bin/cmake -E cmake_link_script CMakeFiles/cmTryCompileExec560817973.dir/link.txt --verbose=1
/usr/bin/cc       CMakeFiles/cmTryCompileExec560817973.dir/CheckSymbolExists.c.o  -o cmTryCompileExec560817973 -rdynamic 
CMakeFiles/cmTryCompileExec560817973.dir/CheckSymbolExists.c.o: In function `main':
CheckSymbolExists.c:(.text+0x16): undefined reference to `pthread_create'
collect2: error: ld returned 1 exit status
make[1]: Leaving directory `/home/leon/emg_project/build/CMakeFiles/CMakeTmp'
make[1]: *** [cmTryCompileExec560817973] Error 1
make: *** [cmTryCompileExec560817973/fast] Error 2

File /home/leon/emg_project/build/CMakeFiles/CMakeTmp/CheckSymbolExists.c:
/* */
#include <pthread.h>

int main(int argc, char** argv)
{
  (void)argv;
#ifndef pthread_create
  return ((int*)(&pthread_create))[argc];
#else
  (void)argc;
  return 0;
#endif
}

Determining if the function pthread_create exists in the pthreads failed with the following output:
Change Dir: /home/leon/emg_project/build/CMakeFiles/CMakeTmp

Run Build Command:/usr/bin/make "cmTryCompileExec3854095952/fast"
/usr/bin/make -f CMakeFiles/cmTryCompileExec3854095952.dir/build.make CMakeFiles/cmTryCompileExec3854095952.dir/build
make[1]: Entering directory `/home/leon/emg_project/build/CMakeFiles/CMakeTmp'
/usr/bin/cmake -E cmake_progress_report /home/leon/emg_project/build/CMakeFiles/CMakeTmp/CMakeFiles 1
Building C object CMakeFiles/cmTryCompileExec3854095952.dir/CheckFunctionExists.c.o
/usr/bin/cc   -DCHECK_FUNCTION_EXISTS=pthread_create   -o CMakeFiles/cmTryCompileExec3854095952.dir/CheckFunctionExists.c.o   -c /usr/share/cmake-2.8/Modules/CheckFunctionExists.c
Linking C executable cmTryCompileExec3854095952
/usr/bin/cmake -E cmake_link_script CMakeFiles/cmTryCompileExec3854095952.dir/link.txt --verbose=1
/usr/bin/cc   -DCHECK_FUNCTION_EXISTS=pthread_create    CMakeFiles/cmTryCompileExec3854095952.dir/CheckFunctionExists.c.o  -o cmTryCompileExec3854095952 -rdynamic -lpthreads 
/usr/bin/ld: cannot find -lpthreads
collect2: error: ld returned 1 exit status
make[1]: Leaving directory `/home/leon/emg_project/build/CMakeFiles/CMakeTmp'
make[1]: *** [cmTryCompileExec3854095952] Error 1
make: *** [cmTryCompileExec3854095952/fast] Error 2


